SF:lib/core/errors/exceptions.dart
DA:7,9
DA:9,2
DA:11,4
DA:12,0
DA:17,3
DA:21,5
DA:25,2
DA:28,1
DA:29,2
DA:30,2
DA:31,0
DA:32,0
DA:33,0
DA:34,1
DA:35,0
DA:36,0
DA:37,0
DA:40,0
LF:18
LH:10
end_of_record
SF:lib/features/coffee/data/datasources/coffee_remote_data_source.dart
DA:16,1
DA:20,1
DA:23,2
DA:27,3
DA:28,1
DA:31,2
DA:33,1
DA:36,2
DA:38,1
DA:41,3
DA:42,1
DA:45,2
DA:47,1
DA:48,3
DA:52,1
DA:53,1
DA:55,3
LF:17
LH:17
end_of_record
SF:lib/features/coffee/data/models/coffee_model.dart
DA:6,3
DA:12,1
DA:13,4
DA:15,2
DA:16,1
DA:17,1
DA:18,1
DA:21,2
DA:22,1
DA:23,1
DA:24,3
DA:27,2
DA:28,1
DA:29,1
DA:30,2
LF:15
LH:15
end_of_record
SF:lib/features/coffee/data/datasources/coffee_local_data_source.dart
DA:15,1
DA:19,1
DA:22,4
DA:23,2
DA:25,3
DA:29,1
DA:32,2
DA:33,0
DA:38,3
DA:39,1
DA:40,2
DA:42,1
DA:43,1
DA:44,1
DA:52,1
DA:55,3
LF:16
LH:15
end_of_record
SF:lib/features/coffee/domain/entities/coffee.dart
DA:6,9
DA:16,2
DA:17,8
LF:3
LH:3
end_of_record
SF:lib/features/coffee/domain/usecases/get_coffee.dart
DA:9,1
DA:13,1
DA:15,2
LF:3
LH:3
end_of_record
SF:lib/features/coffee/domain/usecases/get_favorite_coffees.dart
DA:9,1
DA:13,1
DA:15,2
LF:3
LH:3
end_of_record
SF:lib/features/coffee/domain/usecases/save_coffee.dart
DA:9,1
DA:13,1
DA:15,3
DA:20,3
LF:4
LH:4
end_of_record
SF:lib/core/usecases/usecase.dart
DA:6,9
LF:1
LH:1
end_of_record
SF:lib/core/utils/constants.dart
DA:2,0
LF:1
LH:0
end_of_record
SF:lib/features/coffee/data/repositories/coffee_repository_impl.dart
DA:12,1
DA:17,1
DA:20,2
DA:21,1
DA:27,1
DA:30,1
DA:32,2
DA:33,1
DA:36,0
DA:40,1
DA:43,2
DA:44,4
DA:45,1
DA:48,0
LF:14
LH:12
end_of_record
SF:lib/features/coffee/presentation/blocs/coffee/coffee_event.dart
DA:4,4
DA:6,0
DA:7,0
DA:11,3
DA:15,3
LF:5
LH:3
end_of_record
SF:lib/features/coffee/presentation/blocs/coffee/coffee_bloc.dart
DA:15,2
DA:18,2
DA:19,4
DA:20,4
DA:26,1
DA:30,3
DA:32,2
DA:33,3
DA:34,1
DA:35,0
DA:37,1
DA:38,2
DA:40,2
DA:46,1
DA:50,2
DA:55,3
DA:58,3
DA:59,3
DA:60,1
DA:61,1
DA:62,2
DA:65,1
DA:66,2
DA:68,2
LF:24
LH:23
end_of_record
SF:lib/features/coffee/presentation/blocs/coffee/coffee_state.dart
DA:8,3
DA:16,3
DA:30,2
DA:37,2
DA:38,1
DA:39,2
DA:40,2
DA:41,1
DA:42,2
DA:46,2
DA:47,12
LF:11
LH:11
end_of_record
SF:lib/core/design/widgets/loading_widget.dart
DA:6,4
DA:8,2
DA:10,2
DA:11,2
DA:14,2
DA:15,2
LF:6
LH:6
end_of_record
SF:lib/features/coffee/presentation/blocs/favorites/favorites_bloc.dart
DA:14,2
DA:16,2
DA:17,4
DA:22,2
DA:26,6
DA:28,4
DA:29,0
DA:30,2
DA:31,0
DA:33,2
DA:34,4
DA:36,4
LF:12
LH:10
end_of_record
SF:lib/features/coffee/presentation/blocs/favorites/favorites_state.dart
DA:6,3
DA:12,2
DA:21,2
DA:26,2
DA:27,0
DA:28,2
DA:29,2
DA:33,2
DA:34,8
LF:9
LH:8
end_of_record
SF:lib/features/coffee/presentation/blocs/favorites/favorites_event.dart
DA:4,2
DA:6,0
DA:7,0
DA:11,2
LF:4
LH:2
end_of_record
SF:lib/features/coffee/presentation/pages/coffee_page.dart
DA:15,1
DA:17,1
DA:18,1
DA:22,1
DA:24,1
DA:25,3
DA:28,1
DA:30,1
DA:31,0
DA:32,0
DA:33,0
DA:34,0
DA:35,0
DA:36,0
DA:38,0
DA:39,0
DA:40,0
DA:41,0
DA:42,0
DA:43,0
DA:44,0
DA:45,0
DA:53,1
DA:54,1
DA:55,3
DA:56,1
DA:57,1
DA:59,1
DA:60,1
DA:65,1
DA:66,1
DA:67,1
DA:69,1
DA:70,1
DA:71,1
DA:72,1
DA:74,1
DA:75,2
DA:76,1
DA:77,1
DA:78,1
DA:79,2
DA:84,0
DA:85,0
DA:90,1
DA:91,1
DA:95,2
DA:98,1
DA:99,1
DA:102,1
DA:103,1
DA:104,1
DA:106,1
DA:120,1
DA:125,1
DA:127,2
DA:128,1
DA:130,1
DA:131,1
DA:132,1
DA:133,1
DA:134,1
DA:135,1
DA:136,2
DA:139,3
DA:143,1
DA:144,1
DA:147,0
DA:148,0
DA:157,3
DA:163,1
DA:164,1
DA:165,1
DA:166,1
DA:167,1
DA:168,3
DA:170,2
DA:180,2
DA:182,0
DA:184,0
LF:80
LH:60
end_of_record
SF:lib/features/coffee/presentation/pages/favorites_page.dart
DA:13,2
DA:15,2
DA:16,2
DA:20,2
DA:22,2
DA:23,6
DA:26,2
DA:28,2
DA:29,8
DA:30,2
DA:31,2
DA:33,2
DA:34,2
DA:35,2
DA:36,2
DA:37,2
DA:39,2
DA:40,2
DA:41,2
DA:42,2
DA:43,2
DA:44,4
DA:49,1
DA:50,2
DA:53,2
DA:64,2
DA:66,1
DA:68,1
DA:69,3
DA:75,1
DA:79,1
DA:81,1
DA:82,1
DA:88,2
DA:89,1
DA:90,2
DA:91,1
DA:92,0
DA:93,0
DA:95,1
DA:96,1
DA:97,1
DA:98,1
DA:99,2
DA:101,1
LF:45
LH:43
end_of_record
SF:lib/l10n/app_localizations.dart
DA:64,2
DA:65,4
DA:69,2
DA:70,2
DA:196,2
DA:198,2
DA:200,4
DA:203,2
DA:205,6
DA:207,0
DA:211,2
DA:213,2
DA:214,2
DA:215,2
DA:218,0
LF:15
LH:13
end_of_record
SF:lib/core/design/tokens/border_radius.dart
DA:2,0
LF:1
LH:0
end_of_record
SF:lib/core/design/tokens/spacing.dart
DA:2,0
LF:1
LH:0
end_of_record
SF:lib/core/design/widgets/coffee_image.dart
DA:6,2
DA:10,2
DA:12,2
DA:13,4
DA:16,2
DA:17,8
LF:6
LH:6
end_of_record
SF:lib/core/l10n/l10n.dart
DA:5,4
LF:1
LH:1
end_of_record
SF:lib/core/design/widgets/failure_widget.dart
DA:6,2
DA:19,2
DA:21,2
DA:24,2
DA:25,4
DA:26,5
DA:28,2
DA:29,0
DA:30,0
DA:31,0
DA:32,0
DA:33,0
DA:34,0
DA:38,0
DA:39,0
DA:40,0
DA:41,0
DA:46,1
DA:47,1
DA:48,1
DA:49,3
DA:51,1
DA:52,1
DA:53,1
DA:54,2
LF:25
LH:15
end_of_record
SF:lib/core/errors/failure_messages.dart
DA:5,2
DA:11,0
DA:14,2
DA:15,2
DA:18,4
DA:19,4
DA:22,0
LF:7
LH:5
end_of_record
SF:lib/core/routes/app_route_paths.dart
DA:2,0
LF:1
LH:0
end_of_record
SF:lib/l10n/app_localizations_en.dart
DA:9,4
DA:11,1
DA:14,2
DA:17,0
DA:20,1
DA:23,1
DA:26,1
DA:29,0
DA:32,2
DA:35,0
DA:38,1
DA:42,1
DA:45,2
DA:48,0
DA:51,1
DA:55,1
DA:58,2
LF:17
LH:13
end_of_record
